[22;0t]0;IPython: patel_zeel/pyprobml[0;31m---------------------------------------------------------------------------[0m
[0;31mAttributeError[0m                            Traceback (most recent call last)
File [0;32m<ipython-input-1-41113c102430>:56[0m, in [0;36m<cell line: 56>[0;34m()[0m
[1;32m     54[0m ax[38;5;241m.[39mview_init(elev[38;5;241m=[39m[38;5;241m30[39m, azim[38;5;241m=[39m[38;5;241m20[39m)
[1;32m     55[0m ax[38;5;241m.[39mdist [38;5;241m=[39m [38;5;241m15[39m
[0;32m---> 56[0m [43mplt[49m[38;5;241;43m.[39;49m[43mdraw[49m[43m([49m[43m)[49m
[1;32m     57[0m plt[38;5;241m.[39mtight_layout()
[1;32m     58[0m plt[38;5;241m.[39mshow()

File [0;32m~/miniconda3/envs/jax_cpu/lib/python3.8/site-packages/matplotlib/pyplot.py:952[0m, in [0;36mdraw[0;34m()[0m
[1;32m    940[0m [38;5;28;01mdef[39;00m [38;5;21mdraw[39m():
[1;32m    941[0m     [38;5;124;03m"""[39;00m
[1;32m    942[0m [38;5;124;03m    Redraw the current figure.[39;00m
[1;32m    943[0m 
[0;32m   (...)[0m
[1;32m    950[0m [38;5;124;03m    the current figure.[39;00m
[1;32m    951[0m [38;5;124;03m    """[39;00m
[0;32m--> 952[0m     [43mgcf[49m[43m([49m[43m)[49m[38;5;241;43m.[39;49m[43mcanvas[49m[38;5;241;43m.[39;49m[43mdraw_idle[49m[43m([49m[43m)[49m

File [0;32m~/miniconda3/envs/jax_cpu/lib/python3.8/site-packages/matplotlib/backend_bases.py:2060[0m, in [0;36mFigureCanvasBase.draw_idle[0;34m(self, *args, **kwargs)[0m
[1;32m   2058[0m [38;5;28;01mif[39;00m [38;5;129;01mnot[39;00m [38;5;28mself[39m[38;5;241m.[39m_is_idle_drawing:
[1;32m   2059[0m     [38;5;28;01mwith[39;00m [38;5;28mself[39m[38;5;241m.[39m_idle_draw_cntx():
[0;32m-> 2060[0m         [38;5;28;43mself[39;49m[38;5;241;43m.[39;49m[43mdraw[49m[43m([49m[38;5;241;43m*[39;49m[43margs[49m[43m,[49m[43m [49m[38;5;241;43m*[39;49m[38;5;241;43m*[39;49m[43mkwargs[49m[43m)[49m

File [0;32m~/miniconda3/envs/jax_cpu/lib/python3.8/site-packages/matplotlib/backends/backend_agg.py:436[0m, in [0;36mFigureCanvasAgg.draw[0;34m(self)[0m
[1;32m    432[0m [38;5;66;03m# Acquire a lock on the shared font cache.[39;00m
[1;32m    433[0m [38;5;28;01mwith[39;00m RendererAgg[38;5;241m.[39mlock, \
[1;32m    434[0m      ([38;5;28mself[39m[38;5;241m.[39mtoolbar[38;5;241m.[39m_wait_cursor_for_draw_cm() [38;5;28;01mif[39;00m [38;5;28mself[39m[38;5;241m.[39mtoolbar
[1;32m    435[0m       [38;5;28;01melse[39;00m nullcontext()):
[0;32m--> 436[0m     [38;5;28;43mself[39;49m[38;5;241;43m.[39;49m[43mfigure[49m[38;5;241;43m.[39;49m[43mdraw[49m[43m([49m[38;5;28;43mself[39;49m[38;5;241;43m.[39;49m[43mrenderer[49m[43m)[49m
[1;32m    437[0m     [38;5;66;03m# A GUI class may be need to update a window using this draw, so[39;00m
[1;32m    438[0m     [38;5;66;03m# don't forget to call the superclass.[39;00m
[1;32m    439[0m     [38;5;28msuper[39m()[38;5;241m.[39mdraw()

File [0;32m~/miniconda3/envs/jax_cpu/lib/python3.8/site-packages/matplotlib/artist.py:73[0m, in [0;36m_finalize_rasterization.<locals>.draw_wrapper[0;34m(artist, renderer, *args, **kwargs)[0m
[1;32m     71[0m [38;5;129m@wraps[39m(draw)
[1;32m     72[0m [38;5;28;01mdef[39;00m [38;5;21mdraw_wrapper[39m(artist, renderer, [38;5;241m*[39margs, [38;5;241m*[39m[38;5;241m*[39mkwargs):
[0;32m---> 73[0m     result [38;5;241m=[39m [43mdraw[49m[43m([49m[43martist[49m[43m,[49m[43m [49m[43mrenderer[49m[43m,[49m[43m [49m[38;5;241;43m*[39;49m[43margs[49m[43m,[49m[43m [49m[38;5;241;43m*[39;49m[38;5;241;43m*[39;49m[43mkwargs[49m[43m)[49m
[1;32m     74[0m     [38;5;28;01mif[39;00m renderer[38;5;241m.[39m_rasterizing:
[1;32m     75[0m         renderer[38;5;241m.[39mstop_rasterizing()

File [0;32m~/miniconda3/envs/jax_cpu/lib/python3.8/site-packages/matplotlib/artist.py:50[0m, in [0;36mallow_rasterization.<locals>.draw_wrapper[0;34m(artist, renderer)[0m
[1;32m     47[0m     [38;5;28;01mif[39;00m artist[38;5;241m.[39mget_agg_filter() [38;5;129;01mis[39;00m [38;5;129;01mnot[39;00m [38;5;28;01mNone[39;00m:
[1;32m     48[0m         renderer[38;5;241m.[39mstart_filter()
[0;32m---> 50[0m     [38;5;28;01mreturn[39;00m [43mdraw[49m[43m([49m[43martist[49m[43m,[49m[43m [49m[43mrenderer[49m[43m)[49m
[1;32m     51[0m [38;5;28;01mfinally[39;00m:
[1;32m     52[0m     [38;5;28;01mif[39;00m artist[38;5;241m.[39mget_agg_filter() [38;5;129;01mis[39;00m [38;5;129;01mnot[39;00m [38;5;28;01mNone[39;00m:

File [0;32m~/miniconda3/envs/jax_cpu/lib/python3.8/site-packages/matplotlib/figure.py:2810[0m, in [0;36mFigure.draw[0;34m(self, renderer)[0m
[1;32m   2807[0m         [38;5;66;03m# ValueError can occur when resizing a window.[39;00m
[1;32m   2809[0m [38;5;28mself[39m[38;5;241m.[39mpatch[38;5;241m.[39mdraw(renderer)
[0;32m-> 2810[0m [43mmimage[49m[38;5;241;43m.[39;49m[43m_draw_list_compositing_images[49m[43m([49m
[1;32m   2811[0m [43m    [49m[43mrenderer[49m[43m,[49m[43m [49m[38;5;28;43mself[39;49m[43m,[49m[43m [49m[43martists[49m[43m,[49m[43m [49m[38;5;28;43mself[39;49m[38;5;241;43m.[39;49m[43msuppressComposite[49m[43m)[49m
[1;32m   2813[0m [38;5;28;01mfor[39;00m sfig [38;5;129;01min[39;00m [38;5;28mself[39m[38;5;241m.[39msubfigs:
[1;32m   2814[0m     sfig[38;5;241m.[39mdraw(renderer)

File [0;32m~/miniconda3/envs/jax_cpu/lib/python3.8/site-packages/matplotlib/image.py:132[0m, in [0;36m_draw_list_compositing_images[0;34m(renderer, parent, artists, suppress_composite)[0m
[1;32m    130[0m [38;5;28;01mif[39;00m not_composite [38;5;129;01mor[39;00m [38;5;129;01mnot[39;00m has_images:
[1;32m    131[0m     [38;5;28;01mfor[39;00m a [38;5;129;01min[39;00m artists:
[0;32m--> 132[0m         [43ma[49m[38;5;241;43m.[39;49m[43mdraw[49m[43m([49m[43mrenderer[49m[43m)[49m
[1;32m    133[0m [38;5;28;01melse[39;00m:
[1;32m    134[0m     [38;5;66;03m# Composite any adjacent images together[39;00m
[1;32m    135[0m     image_group [38;5;241m=[39m []

File [0;32m~/miniconda3/envs/jax_cpu/lib/python3.8/site-packages/matplotlib/artist.py:50[0m, in [0;36mallow_rasterization.<locals>.draw_wrapper[0;34m(artist, renderer)[0m
[1;32m     47[0m     [38;5;28;01mif[39;00m artist[38;5;241m.[39mget_agg_filter() [38;5;129;01mis[39;00m [38;5;129;01mnot[39;00m [38;5;28;01mNone[39;00m:
[1;32m     48[0m         renderer[38;5;241m.[39mstart_filter()
[0;32m---> 50[0m     [38;5;28;01mreturn[39;00m [43mdraw[49m[43m([49m[43martist[49m[43m,[49m[43m [49m[43mrenderer[49m[43m)[49m
[1;32m     51[0m [38;5;28;01mfinally[39;00m:
[1;32m     52[0m     [38;5;28;01mif[39;00m artist[38;5;241m.[39mget_agg_filter() [38;5;129;01mis[39;00m [38;5;129;01mnot[39;00m [38;5;28;01mNone[39;00m:

File [0;32m~/miniconda3/envs/jax_cpu/lib/python3.8/site-packages/mpl_toolkits/mplot3d/axes3d.py:451[0m, in [0;36mAxes3D.draw[0;34m(self, renderer)[0m
[1;32m    448[0m zorder_offset [38;5;241m=[39m [38;5;28mmax[39m(axis[38;5;241m.[39mget_zorder()
[1;32m    449[0m                     [38;5;28;01mfor[39;00m axis [38;5;129;01min[39;00m [38;5;28mself[39m[38;5;241m.[39m_get_axis_list()) [38;5;241m+[39m [38;5;241m1[39m
[1;32m    450[0m collection_zorder [38;5;241m=[39m patch_zorder [38;5;241m=[39m zorder_offset
[0;32m--> 451[0m [38;5;28;01mfor[39;00m artist [38;5;129;01min[39;00m [38;5;28;43msorted[39;49m[43m([49m[43mcollections_and_patches[49m[43m,[49m
[1;32m    452[0m [43m                     [49m[43mkey[49m[38;5;241;43m=[39;49m[43mdo_3d_projection[49m[43m,[49m
[1;32m    453[0m [43m                     [49m[43mreverse[49m[38;5;241;43m=[39;49m[38;5;28;43;01mTrue[39;49;00m[43m)[49m:
[1;32m    454[0m     [38;5;28;01mif[39;00m [38;5;28misinstance[39m(artist, mcoll[38;5;241m.[39mCollection):
[1;32m    455[0m         artist[38;5;241m.[39mzorder [38;5;241m=[39m collection_zorder

File [0;32m~/miniconda3/envs/jax_cpu/lib/python3.8/site-packages/mpl_toolkits/mplot3d/axes3d.py:426[0m, in [0;36mAxes3D.draw.<locals>.do_3d_projection[0;34m(artist)[0m
[1;32m    417[0m [38;5;124;03m"""[39;00m
[1;32m    418[0m [38;5;124;03mCall `do_3d_projection` on an *artist*, and warn if passing[39;00m
[1;32m    419[0m [38;5;124;03m*renderer*.[39;00m
[0;32m   (...)[0m
[1;32m    423[0m [38;5;124;03mcalling convention.[39;00m
[1;32m    424[0m [38;5;124;03m"""[39;00m
[1;32m    425[0m [38;5;28;01mtry[39;00m:
[0;32m--> 426[0m     signature [38;5;241m=[39m inspect[38;5;241m.[39msignature([43martist[49m[38;5;241;43m.[39;49m[43mdo_3d_projection[49m)
[1;32m    427[0m     signature[38;5;241m.[39mbind()
[1;32m    428[0m [38;5;66;03m# ValueError if `inspect.signature` cannot provide a signature[39;00m
[1;32m    429[0m [38;5;66;03m# and TypeError if the binding fails or the object does not[39;00m
[1;32m    430[0m [38;5;66;03m# appear to be callable - the next call will then re-raise.[39;00m

[0;31mAttributeError[0m: 'Arrow3D' object has no attribute 'do_3d_projection'
[0;31m---------------------------------------------------------------------------[0m
[0;31mAttributeError[0m                            Traceback (most recent call last)
Input [0;32mIn [1][0m, in [0;36m<cell line: 1>[0;34m()[0m
[0;32m----> 1[0m [43mget_ipython[49m[43m([49m[43m)[49m[38;5;241;43m.[39;49m[43mrun_line_magic[49m[43m([49m[38;5;124;43m'[39;49m[38;5;124;43mrun[39;49m[38;5;124;43m'[39;49m[43m,[49m[43m [49m[38;5;124;43m'[39;49m[38;5;124;43mnotebooks/book1/04/dirichlet_3d_triangle_plot.ipynb[39;49m[38;5;124;43m'[39;49m[43m)[49m

File [0;32m~/miniconda3/envs/jax_cpu/lib/python3.8/site-packages/IPython/core/interactiveshell.py:2294[0m, in [0;36mInteractiveShell.run_line_magic[0;34m(self, magic_name, line, _stack_depth)[0m
[1;32m   2292[0m     kwargs[[38;5;124m'[39m[38;5;124mlocal_ns[39m[38;5;124m'[39m] [38;5;241m=[39m [38;5;28mself[39m[38;5;241m.[39mget_local_scope(stack_depth)
[1;32m   2293[0m [38;5;28;01mwith[39;00m [38;5;28mself[39m[38;5;241m.[39mbuiltin_trap:
[0;32m-> 2294[0m     result [38;5;241m=[39m [43mfn[49m[43m([49m[38;5;241;43m*[39;49m[43margs[49m[43m,[49m[43m [49m[38;5;241;43m*[39;49m[38;5;241;43m*[39;49m[43mkwargs[49m[43m)[49m
[1;32m   2295[0m [38;5;28;01mreturn[39;00m result

File [0;32m~/miniconda3/envs/jax_cpu/lib/python3.8/site-packages/IPython/core/magics/execution.py:717[0m, in [0;36mExecutionMagics.run[0;34m(self, parameter_s, runner, file_finder)[0m
[1;32m    715[0m     [38;5;28;01mwith[39;00m preserve_keys([38;5;28mself[39m[38;5;241m.[39mshell[38;5;241m.[39muser_ns, [38;5;124m'[39m[38;5;124m__file__[39m[38;5;124m'[39m):
[1;32m    716[0m         [38;5;28mself[39m[38;5;241m.[39mshell[38;5;241m.[39muser_ns[[38;5;124m'[39m[38;5;124m__file__[39m[38;5;124m'[39m] [38;5;241m=[39m filename
[0;32m--> 717[0m         [38;5;28;43mself[39;49m[38;5;241;43m.[39;49m[43mshell[49m[38;5;241;43m.[39;49m[43msafe_execfile_ipy[49m[43m([49m[43mfilename[49m[43m,[49m[43m [49m[43mraise_exceptions[49m[38;5;241;43m=[39;49m[38;5;28;43;01mTrue[39;49;00m[43m)[49m
[1;32m    718[0m     [38;5;28;01mreturn[39;00m
[1;32m    720[0m [38;5;66;03m# Control the response to exit() calls made by the script being run[39;00m

File [0;32m~/miniconda3/envs/jax_cpu/lib/python3.8/site-packages/IPython/core/interactiveshell.py:2800[0m, in [0;36mInteractiveShell.safe_execfile_ipy[0;34m(self, fname, shell_futures, raise_exceptions)[0m
[1;32m   2798[0m result [38;5;241m=[39m [38;5;28mself[39m[38;5;241m.[39mrun_cell(cell, silent[38;5;241m=[39m[38;5;28;01mTrue[39;00m, shell_futures[38;5;241m=[39mshell_futures)
[1;32m   2799[0m [38;5;28;01mif[39;00m raise_exceptions:
[0;32m-> 2800[0m     [43mresult[49m[38;5;241;43m.[39;49m[43mraise_error[49m[43m([49m[43m)[49m
[1;32m   2801[0m [38;5;28;01melif[39;00m [38;5;129;01mnot[39;00m result[38;5;241m.[39msuccess:
[1;32m   2802[0m     [38;5;28;01mbreak[39;00m

File [0;32m~/miniconda3/envs/jax_cpu/lib/python3.8/site-packages/IPython/core/interactiveshell.py:240[0m, in [0;36mExecutionResult.raise_error[0;34m(self)[0m
[1;32m    238[0m     [38;5;28;01mraise[39;00m [38;5;28mself[39m[38;5;241m.[39merror_before_exec
[1;32m    239[0m [38;5;28;01mif[39;00m [38;5;28mself[39m[38;5;241m.[39merror_in_exec [38;5;129;01mis[39;00m [38;5;129;01mnot[39;00m [38;5;28;01mNone[39;00m:
[0;32m--> 240[0m     [38;5;28;01mraise[39;00m [38;5;28mself[39m[38;5;241m.[39merror_in_exec

    [0;31m[... skipping hidden 1 frame][0m

File [0;32m<ipython-input-1-41113c102430>:56[0m, in [0;36m<cell line: 56>[0;34m()[0m
[1;32m     54[0m ax[38;5;241m.[39mview_init(elev[38;5;241m=[39m[38;5;241m30[39m, azim[38;5;241m=[39m[38;5;241m20[39m)
[1;32m     55[0m ax[38;5;241m.[39mdist [38;5;241m=[39m [38;5;241m15[39m
[0;32m---> 56[0m [43mplt[49m[38;5;241;43m.[39;49m[43mdraw[49m[43m([49m[43m)[49m
[1;32m     57[0m plt[38;5;241m.[39mtight_layout()
[1;32m     58[0m plt[38;5;241m.[39mshow()

File [0;32m~/miniconda3/envs/jax_cpu/lib/python3.8/site-packages/matplotlib/pyplot.py:952[0m, in [0;36mdraw[0;34m()[0m
[1;32m    940[0m [38;5;28;01mdef[39;00m [38;5;21mdraw[39m():
[1;32m    941[0m     [38;5;124;03m"""[39;00m
[1;32m    942[0m [38;5;124;03m    Redraw the current figure.[39;00m
[1;32m    943[0m 
[0;32m   (...)[0m
[1;32m    950[0m [38;5;124;03m    the current figure.[39;00m
[1;32m    951[0m [38;5;124;03m    """[39;00m
[0;32m--> 952[0m     [43mgcf[49m[43m([49m[43m)[49m[38;5;241;43m.[39;49m[43mcanvas[49m[38;5;241;43m.[39;49m[43mdraw_idle[49m[43m([49m[43m)[49m

File [0;32m~/miniconda3/envs/jax_cpu/lib/python3.8/site-packages/matplotlib/backend_bases.py:2060[0m, in [0;36mFigureCanvasBase.draw_idle[0;34m(self, *args, **kwargs)[0m
[1;32m   2058[0m [38;5;28;01mif[39;00m [38;5;129;01mnot[39;00m [38;5;28mself[39m[38;5;241m.[39m_is_idle_drawing:
[1;32m   2059[0m     [38;5;28;01mwith[39;00m [38;5;28mself[39m[38;5;241m.[39m_idle_draw_cntx():
[0;32m-> 2060[0m         [38;5;28;43mself[39;49m[38;5;241;43m.[39;49m[43mdraw[49m[43m([49m[38;5;241;43m*[39;49m[43margs[49m[43m,[49m[43m [49m[38;5;241;43m*[39;49m[38;5;241;43m*[39;49m[43mkwargs[49m[43m)[49m

File [0;32m~/miniconda3/envs/jax_cpu/lib/python3.8/site-packages/matplotlib/backends/backend_agg.py:436[0m, in [0;36mFigureCanvasAgg.draw[0;34m(self)[0m
[1;32m    432[0m [38;5;66;03m# Acquire a lock on the shared font cache.[39;00m
[1;32m    433[0m [38;5;28;01mwith[39;00m RendererAgg[38;5;241m.[39mlock, \
[1;32m    434[0m      ([38;5;28mself[39m[38;5;241m.[39mtoolbar[38;5;241m.[39m_wait_cursor_for_draw_cm() [38;5;28;01mif[39;00m [38;5;28mself[39m[38;5;241m.[39mtoolbar
[1;32m    435[0m       [38;5;28;01melse[39;00m nullcontext()):
[0;32m--> 436[0m     [38;5;28;43mself[39;49m[38;5;241;43m.[39;49m[43mfigure[49m[38;5;241;43m.[39;49m[43mdraw[49m[43m([49m[38;5;28;43mself[39;49m[38;5;241;43m.[39;49m[43mrenderer[49m[43m)[49m
[1;32m    437[0m     [38;5;66;03m# A GUI class may be need to update a window using this draw, so[39;00m
[1;32m    438[0m     [38;5;66;03m# don't forget to call the superclass.[39;00m
[1;32m    439[0m     [38;5;28msuper[39m()[38;5;241m.[39mdraw()

File [0;32m~/miniconda3/envs/jax_cpu/lib/python3.8/site-packages/matplotlib/artist.py:73[0m, in [0;36m_finalize_rasterization.<locals>.draw_wrapper[0;34m(artist, renderer, *args, **kwargs)[0m
[1;32m     71[0m [38;5;129m@wraps[39m(draw)
[1;32m     72[0m [38;5;28;01mdef[39;00m [38;5;21mdraw_wrapper[39m(artist, renderer, [38;5;241m*[39margs, [38;5;241m*[39m[38;5;241m*[39mkwargs):
[0;32m---> 73[0m     result [38;5;241m=[39m [43mdraw[49m[43m([49m[43martist[49m[43m,[49m[43m [49m[43mrenderer[49m[43m,[49m[43m [49m[38;5;241;43m*[39;49m[43margs[49m[43m,[49m[43m [49m[38;5;241;43m*[39;49m[38;5;241;43m*[39;49m[43mkwargs[49m[43m)[49m
[1;32m     74[0m     [38;5;28;01mif[39;00m renderer[38;5;241m.[39m_rasterizing:
[1;32m     75[0m         renderer[38;5;241m.[39mstop_rasterizing()

File [0;32m~/miniconda3/envs/jax_cpu/lib/python3.8/site-packages/matplotlib/artist.py:50[0m, in [0;36mallow_rasterization.<locals>.draw_wrapper[0;34m(artist, renderer)[0m
[1;32m     47[0m     [38;5;28;01mif[39;00m artist[38;5;241m.[39mget_agg_filter() [38;5;129;01mis[39;00m [38;5;129;01mnot[39;00m [38;5;28;01mNone[39;00m:
[1;32m     48[0m         renderer[38;5;241m.[39mstart_filter()
[0;32m---> 50[0m     [38;5;28;01mreturn[39;00m [43mdraw[49m[43m([49m[43martist[49m[43m,[49m[43m [49m[43mrenderer[49m[43m)[49m
[1;32m     51[0m [38;5;28;01mfinally[39;00m:
[1;32m     52[0m     [38;5;28;01mif[39;00m artist[38;5;241m.[39mget_agg_filter() [38;5;129;01mis[39;00m [38;5;129;01mnot[39;00m [38;5;28;01mNone[39;00m:

File [0;32m~/miniconda3/envs/jax_cpu/lib/python3.8/site-packages/matplotlib/figure.py:2810[0m, in [0;36mFigure.draw[0;34m(self, renderer)[0m
[1;32m   2807[0m         [38;5;66;03m# ValueError can occur when resizing a window.[39;00m
[1;32m   2809[0m [38;5;28mself[39m[38;5;241m.[39mpatch[38;5;241m.[39mdraw(renderer)
[0;32m-> 2810[0m [43mmimage[49m[38;5;241;43m.[39;49m[43m_draw_list_compositing_images[49m[43m([49m
[1;32m   2811[0m [43m    [49m[43mrenderer[49m[43m,[49m[43m [49m[38;5;28;43mself[39;49m[43m,[49m[43m [49m[43martists[49m[43m,[49m[43m [49m[38;5;28;43mself[39;49m[38;5;241;43m.[39;49m[43msuppressComposite[49m[43m)[49m
[1;32m   2813[0m [38;5;28;01mfor[39;00m sfig [38;5;129;01min[39;00m [38;5;28mself[39m[38;5;241m.[39msubfigs:
[1;32m   2814[0m     sfig[38;5;241m.[39mdraw(renderer)

File [0;32m~/miniconda3/envs/jax_cpu/lib/python3.8/site-packages/matplotlib/image.py:132[0m, in [0;36m_draw_list_compositing_images[0;34m(renderer, parent, artists, suppress_composite)[0m
[1;32m    130[0m [38;5;28;01mif[39;00m not_composite [38;5;129;01mor[39;00m [38;5;129;01mnot[39;00m has_images:
[1;32m    131[0m     [38;5;28;01mfor[39;00m a [38;5;129;01min[39;00m artists:
[0;32m--> 132[0m         [43ma[49m[38;5;241;43m.[39;49m[43mdraw[49m[43m([49m[43mrenderer[49m[43m)[49m
[1;32m    133[0m [38;5;28;01melse[39;00m:
[1;32m    134[0m     [38;5;66;03m# Composite any adjacent images together[39;00m
[1;32m    135[0m     image_group [38;5;241m=[39m []

File [0;32m~/miniconda3/envs/jax_cpu/lib/python3.8/site-packages/matplotlib/artist.py:50[0m, in [0;36mallow_rasterization.<locals>.draw_wrapper[0;34m(artist, renderer)[0m
[1;32m     47[0m     [38;5;28;01mif[39;00m artist[38;5;241m.[39mget_agg_filter() [38;5;129;01mis[39;00m [38;5;129;01mnot[39;00m [38;5;28;01mNone[39;00m:
[1;32m     48[0m         renderer[38;5;241m.[39mstart_filter()
[0;32m---> 50[0m     [38;5;28;01mreturn[39;00m [43mdraw[49m[43m([49m[43martist[49m[43m,[49m[43m [49m[43mrenderer[49m[43m)[49m
[1;32m     51[0m [38;5;28;01mfinally[39;00m:
[1;32m     52[0m     [38;5;28;01mif[39;00m artist[38;5;241m.[39mget_agg_filter() [38;5;129;01mis[39;00m [38;5;129;01mnot[39;00m [38;5;28;01mNone[39;00m:

File [0;32m~/miniconda3/envs/jax_cpu/lib/python3.8/site-packages/mpl_toolkits/mplot3d/axes3d.py:451[0m, in [0;36mAxes3D.draw[0;34m(self, renderer)[0m
[1;32m    448[0m zorder_offset [38;5;241m=[39m [38;5;28mmax[39m(axis[38;5;241m.[39mget_zorder()
[1;32m    449[0m                     [38;5;28;01mfor[39;00m axis [38;5;129;01min[39;00m [38;5;28mself[39m[38;5;241m.[39m_get_axis_list()) [38;5;241m+[39m [38;5;241m1[39m
[1;32m    450[0m collection_zorder [38;5;241m=[39m patch_zorder [38;5;241m=[39m zorder_offset
[0;32m--> 451[0m [38;5;28;01mfor[39;00m artist [38;5;129;01min[39;00m [38;5;28;43msorted[39;49m[43m([49m[43mcollections_and_patches[49m[43m,[49m
[1;32m    452[0m [43m                     [49m[43mkey[49m[38;5;241;43m=[39;49m[43mdo_3d_projection[49m[43m,[49m
[1;32m    453[0m [43m                     [49m[43mreverse[49m[38;5;241;43m=[39;49m[38;5;28;43;01mTrue[39;49;00m[43m)[49m:
[1;32m    454[0m     [38;5;28;01mif[39;00m [38;5;28misinstance[39m(artist, mcoll[38;5;241m.[39mCollection):
[1;32m    455[0m         artist[38;5;241m.[39mzorder [38;5;241m=[39m collection_zorder

File [0;32m~/miniconda3/envs/jax_cpu/lib/python3.8/site-packages/mpl_toolkits/mplot3d/axes3d.py:426[0m, in [0;36mAxes3D.draw.<locals>.do_3d_projection[0;34m(artist)[0m
[1;32m    417[0m [38;5;124;03m"""[39;00m
[1;32m    418[0m [38;5;124;03mCall `do_3d_projection` on an *artist*, and warn if passing[39;00m
[1;32m    419[0m [38;5;124;03m*renderer*.[39;00m
[0;32m   (...)[0m
[1;32m    423[0m [38;5;124;03mcalling convention.[39;00m
[1;32m    424[0m [38;5;124;03m"""[39;00m
[1;32m    425[0m [38;5;28;01mtry[39;00m:
[0;32m--> 426[0m     signature [38;5;241m=[39m inspect[38;5;241m.[39msignature([43martist[49m[38;5;241;43m.[39;49m[43mdo_3d_projection[49m)
[1;32m    427[0m     signature[38;5;241m.[39mbind()
[1;32m    428[0m [38;5;66;03m# ValueError if `inspect.signature` cannot provide a signature[39;00m
[1;32m    429[0m [38;5;66;03m# and TypeError if the binding fails or the object does not[39;00m
[1;32m    430[0m [38;5;66;03m# appear to be callable - the next call will then re-raise.[39;00m

[0;31mAttributeError[0m: 'Arrow3D' object has no attribute 'do_3d_projection'
